<?xml version="1.0" encoding="UTF-8"?>
<testng-results skipped="0" failed="0" ignored="0" total="0" passed="0">
  <reporter-output>
  </reporter-output>
  <suite name="com.project.Automation.AppTest" duration-ms="28" started-at="2019-01-27T12:39:18Z" finished-at="2019-01-27T12:39:18Z">
    <groups>
    </groups>
    <test name="Command line test" duration-ms="28" started-at="2019-01-27T12:39:18Z" finished-at="2019-01-27T12:39:18Z">
    </test> <!-- Command line test -->
  </suite> <!-- com.project.Automation.AppTest -->
</testng-results>
